0 info it worked if it ends with ok
1 verbose cli [ 'C:\\Program Files\\nodejs\\node.exe',
1 verbose cli   'C:\\Users\\Samuel\\AppData\\Roaming\\npm\\node_modules\\npm\\bin\\npm-cli.js',
1 verbose cli   'run',
1 verbose cli   'lite' ]
2 info using npm@3.5.2
3 info using node@v4.2.4
4 verbose run-script [ 'prelite', 'lite', 'postlite' ]
5 info lifecycle stalion-security-ng2@0.1.0~prelite: stalion-security-ng2@0.1.0
6 silly lifecycle stalion-security-ng2@0.1.0~prelite: no script for prelite, continuing
7 info lifecycle stalion-security-ng2@0.1.0~lite: stalion-security-ng2@0.1.0
8 verbose lifecycle stalion-security-ng2@0.1.0~lite: unsafe-perm in lifecycle true
9 verbose lifecycle stalion-security-ng2@0.1.0~lite: PATH: C:\Users\Samuel\AppData\Roaming\npm\node_modules\npm\bin\node-gyp-bin;C:\Users\Samuel\Documents\Work\stalion-security-ng2\node_modules\.bin;C:\Users\Samuel\AppData\Roaming\npm\node_modules\npm\bin\node-gyp-bin;C:\Users\Samuel\Documents\Work\stalion-security-ng2\node_modules\.bin;C:\WINDOWS\system32;C:\WINDOWS;C:\WINDOWS\System32\Wbem;C:\WINDOWS\System32\WindowsPowerShell\v1.0\;C:\WINDOWS\system32\config\systemprofile\.dnx\bin;C:\Program Files\Microsoft DNX\Dnvm\;C:\Program Files (x86)\Windows Kits\8.1\Windows Performance Toolkit\;C:\Program Files\Microsoft SQL Server\120\Tools\Binn\;C:\Program Files\Git\cmd;C:\Program Files (x86)\Skype\Phone\;C:\Program Files\Intel\WiFi\bin\;C:\Program Files\Common Files\Intel\WirelessCommon\;C:\Program Files\MongoDB\server\3.0\bin;C:\Program Files\Intel\WiFi\bin\;C:\Program Files\Common Files\Intel\WirelessCommon\;C:\Program Files (x86)\Microsoft VS Code\bin;C:\Program Files\MongoDB\Server\3.2\bin;C:\Program Files\nodejs;C:\Users\Samuel\AppData\Roaming\npm
10 verbose lifecycle stalion-security-ng2@0.1.0~lite: CWD: C:\Users\Samuel\Documents\Work\stalion-security-ng2
11 silly lifecycle stalion-security-ng2@0.1.0~lite: Args: [ '/d /s /c', 'lite-server' ]
12 silly lifecycle stalion-security-ng2@0.1.0~lite: Returned: code: 3  signal: null
13 info lifecycle stalion-security-ng2@0.1.0~lite: Failed to exec lite script
14 verbose stack Error: stalion-security-ng2@0.1.0 lite: `lite-server`
14 verbose stack Exit status 3
14 verbose stack     at EventEmitter.<anonymous> (C:\Users\Samuel\AppData\Roaming\npm\node_modules\npm\lib\utils\lifecycle.js:232:16)
14 verbose stack     at emitTwo (events.js:87:13)
14 verbose stack     at EventEmitter.emit (events.js:172:7)
14 verbose stack     at ChildProcess.<anonymous> (C:\Users\Samuel\AppData\Roaming\npm\node_modules\npm\lib\utils\spawn.js:24:14)
14 verbose stack     at emitTwo (events.js:87:13)
14 verbose stack     at ChildProcess.emit (events.js:172:7)
14 verbose stack     at maybeClose (internal/child_process.js:818:16)
14 verbose stack     at Process.ChildProcess._handle.onexit (internal/child_process.js:211:5)
15 verbose pkgid stalion-security-ng2@0.1.0
16 verbose cwd C:\Users\Samuel\Documents\Work\stalion-security-ng2
17 error Windows_NT 10.0.11082
18 error argv "C:\\Program Files\\nodejs\\node.exe" "C:\\Users\\Samuel\\AppData\\Roaming\\npm\\node_modules\\npm\\bin\\npm-cli.js" "run" "lite"
19 error node v4.2.4
20 error npm  v3.5.2
21 error code ELIFECYCLE
22 error stalion-security-ng2@0.1.0 lite: `lite-server`
22 error Exit status 3
23 error Failed at the stalion-security-ng2@0.1.0 lite script 'lite-server'.
23 error Make sure you have the latest version of node.js and npm installed.
23 error If you do, this is most likely a problem with the stalion-security-ng2 package,
23 error not with npm itself.
23 error Tell the author that this fails on your system:
23 error     lite-server
23 error You can get information on how to open an issue for this project with:
23 error     npm bugs stalion-security-ng2
23 error Or if that isn't available, you can get their info via:
23 error     npm owner ls stalion-security-ng2
23 error There is likely additional logging output above.
24 verbose exit [ 1, true ]
